\BOOKMARK [0][-]{chapter.1}{\376\377\000W\000h\000a\000t\000\040\000i\000s\000\040\000D\000i\000r\000e\000c\000t\000\040\000P\000y\000t\000h\000o\000n\000\040\000A\000u\000d\000i\000o\000/\000V\000i\000d\000e\000o\000?}{}% 1
\BOOKMARK [0][-]{chapter.2}{\376\377\000I\000n\000s\000t\000a\000l\000l\000a\000t\000i\000o\000n}{}% 2
\BOOKMARK [0][-]{chapter.3}{\376\377\000A\000u\000d\000i\000o\000\040\000C\000l\000a\000s\000s}{}% 3
\BOOKMARK [0][-]{chapter.4}{\376\377\000V\000B\000u\000f\000f\000e\000r\000\040\000C\000l\000a\000s\000s}{}% 4
\BOOKMARK [1][-]{section.4.1}{\376\377\000I\000n\000i\000t\000i\000a\000l\000i\000z\000a\000t\000i\000o\000n}{chapter.4}% 5
\BOOKMARK [1][-]{section.4.2}{\376\377\000M\000o\000d\000i\000f\000i\000c\000a\000t\000i\000o\000n}{chapter.4}% 6
\BOOKMARK [0][-]{chapter.5}{\376\377\000W\000i\000n\000d\000o\000w\000\040\000C\000l\000a\000s\000s}{}% 7
\BOOKMARK [1][-]{section.5.1}{\376\377\000I\000n\000i\000t\000i\000a\000l\000i\000z\000a\000t\000i\000o\000n}{chapter.5}% 8
\BOOKMARK [1][-]{section.5.2}{\376\377\000O\000p\000e\000n\000i\000n\000g\000\040\000t\000h\000e\000\040\000W\000i\000n\000d\000o\000w}{chapter.5}% 9
\BOOKMARK [1][-]{section.5.3}{\376\377\000S\000c\000a\000l\000i\000n\000g}{chapter.5}% 10
\BOOKMARK [2][-]{subsection.5.3.1}{\376\377\000E\000v\000e\000n\000t\000s}{section.5.3}% 11
\BOOKMARK [1][-]{section.5.4}{\376\377\000E\000v\000e\000n\000t\000q\000\040\000L\000i\000s\000t}{chapter.5}% 12
\BOOKMARK [1][-]{section.5.5}{\376\377\000E\000v\000e\000n\000t\000s\000\040\000D\000i\000c\000t\000i\000o\000n\000a\000r\000y}{chapter.5}% 13
\BOOKMARK [1][-]{section.5.6}{\376\377\000M\000o\000u\000s\000e\000\040\000P\000o\000s\000i\000t\000i\000o\000n}{chapter.5}% 14
\BOOKMARK [0][-]{chapter.6}{\376\377\000S\000o\000u\000r\000c\000e\000\040\000D\000o\000c\000u\000m\000e\000n\000t\000a\000t\000i\000o\000n}{}% 15
\BOOKMARK [1][-]{section.6.1}{\376\377\000A\000u\000d\000i\000o}{chapter.6}% 16
\BOOKMARK [1][-]{section.6.2}{\376\377\000V\000B\000u\000f\000f\000e\000r}{chapter.6}% 17
\BOOKMARK [1][-]{section.6.3}{\376\377\000W\000i\000n\000d\000o\000w}{chapter.6}% 18
\BOOKMARK [1][-]{section.6.4}{\376\377\000U\000t\000i\000l\000i\000t\000y}{chapter.6}% 19
\BOOKMARK [0][-]{chapter.7}{\376\377\000I\000n\000d\000i\000c\000e\000s\000\040\000a\000n\000d\000\040\000t\000a\000b\000l\000e\000s}{}% 20
\BOOKMARK [0][-]{section*.55}{\376\377\000P\000y\000t\000h\000o\000n\000\040\000M\000o\000d\000u\000l\000e\000\040\000I\000n\000d\000e\000x}{}% 21
\BOOKMARK [0][-]{section*.56}{\376\377\000I\000n\000d\000e\000x}{}% 22
